Not searching for unused variables given on the command line.
[0mCMake Deprecation Warning at CMakeLists.txt:1 (cmake_minimum_required):
  Compatibility with CMake < 3.5 will be removed from a future version of
  CMake.

  Update the VERSION argument <min> value or use a ...<max> suffix to tell
  CMake that the project does not need compatibility with older versions.

[0m
[36m--[0m Using CATKIN_DEVEL_PREFIX: /home/anusha/cleanup_ws/devel/.private/layered_quadrotor_control
[36m--[0m Using CMAKE_PREFIX_PATH: /home/anusha/cleanup_ws/devel;/home/anusha/Research/ws_kr/devel;/opt/ros/noetic
[36m--[0m This workspace overlays: /home/anusha/cleanup_ws/devel;/home/anusha/Research/ws_kr/devel;/opt/ros/noetic
[33mCMake Warning (dev) at /opt/ros/noetic/share/catkin/cmake/python.cmake:4 (find_package):
  Policy CMP0148 is not set: The FindPythonInterp and FindPythonLibs modules
  are removed.  Run "cmake --help-policy CMP0148" for policy details.  Use
  the cmake_policy command to set the policy and suppress this warning.

[36mCall Stack (most recent call first):[0m
  /opt/ros/noetic/share/catkin/cmake/all.cmake:164 (include)
  /opt/ros/noetic/share/catkin/cmake/catkinConfig.cmake:20 (include)
  CMakeLists.txt:4 (find_package)
This warning is for project developers.  Use -Wno-dev to suppress it.
[0m
[36m--[0m Found PythonInterp: /usr/bin/python3 (found suitable version "3.8.10", minimum required is "3")
[36m--[0m Using PYTHON_EXECUTABLE: /usr/bin/python3
[36m--[0m Using Debian Python package layout
[36m--[0m Using empy: /usr/lib/python3/dist-packages/em.py
[36m--[0m Using CATKIN_ENABLE_TESTING: ON
[36m--[0m Call enable_testing()
[36m--[0m Using CATKIN_TEST_RESULTS_DIR: /home/anusha/cleanup_ws/build/layered_quadrotor_control/test_results
[36m--[0m Forcing gtest/gmock from source, though one was otherwise available.
[36m--[0m Found gtest sources under '/usr/src/googletest': gtests will be built
[36m--[0m Found gmock sources under '/usr/src/googletest': gmock will be built
[0mCMake Deprecation Warning at /usr/src/googletest/CMakeLists.txt:4 (cmake_minimum_required):
  Compatibility with CMake < 3.5 will be removed from a future version of
  CMake.

  Update the VERSION argument <min> value or use a ...<max> suffix to tell
  CMake that the project does not need compatibility with older versions.

[0m
[0mCMake Deprecation Warning at /usr/src/googletest/googlemock/CMakeLists.txt:45 (cmake_minimum_required):
  Compatibility with CMake < 3.5 will be removed from a future version of
  CMake.

  Update the VERSION argument <min> value or use a ...<max> suffix to tell
  CMake that the project does not need compatibility with older versions.

[0m
[0mCMake Deprecation Warning at /usr/src/googletest/googletest/CMakeLists.txt:56 (cmake_minimum_required):
  Compatibility with CMake < 3.5 will be removed from a future version of
  CMake.

  Update the VERSION argument <min> value or use a ...<max> suffix to tell
  CMake that the project does not need compatibility with older versions.

[0m
[33mCMake Warning (dev) at /usr/src/googletest/googletest/cmake/internal_utils.cmake:249 (find_package):
  Policy CMP0148 is not set: The FindPythonInterp and FindPythonLibs modules
  are removed.  Run "cmake --help-policy CMP0148" for policy details.  Use
  the cmake_policy command to set the policy and suppress this warning.

[36mCall Stack (most recent call first):[0m
  /usr/src/googletest/googletest/CMakeLists.txt:91 (include)
This warning is for project developers.  Use -Wno-dev to suppress it.
[0m
[36m--[0m Found PythonInterp: /usr/bin/python3 (found version "3.8.10")
[36m--[0m Using Python nosetests: /usr/bin/nosetests3
[36m--[0m catkin 0.8.10
[36m--[0m BUILD_SHARED_LIBS is on
[36m--[0m Configuring done (0.7s)
[31mCMake Error at CMakeLists.txt:13 (add_executable):
  Cannot find source file:

    src/sync_msg.cpp

  Tried extensions .c .C .c++ .cc .cpp .cxx .cu .mpp .m .M .mm .ixx .cppm
  .ccm .cxxm .c++m .h .hh .h++ .hm .hpp .hxx .in .txx .f .F .for .f77 .f90
  .f95 .f03 .hip .ispc

[0m
[31mCMake Error at CMakeLists.txt:13 (add_executable):
  No SOURCES given to target: sync_msg

[0m
[0mCMake Generate step failed.  Build files cannot be regenerated correctly.[0m
